TN:
SF:src/database.ts
FN:8,(anonymous_1)
FN:9,(anonymous_2)
FN:52,(anonymous_3)
FN:53,(anonymous_4)
FN:72,(anonymous_5)
FN:79,(anonymous_6)
FN:86,(anonymous_7)
FN:95,(anonymous_8)
FNF:8
FNH:0
FNDA:0,(anonymous_1)
FNDA:0,(anonymous_2)
FNDA:0,(anonymous_3)
FNDA:0,(anonymous_4)
FNDA:0,(anonymous_5)
FNDA:0,(anonymous_6)
FNDA:0,(anonymous_7)
FNDA:0,(anonymous_8)
DA:1,3
DA:2,3
DA:3,3
DA:5,3
DA:6,3
DA:8,3
DA:9,0
DA:11,0
DA:21,0
DA:41,0
DA:52,0
DA:53,0
DA:55,0
DA:56,0
DA:61,0
DA:72,0
DA:73,0
DA:74,0
DA:76,0
DA:80,0
DA:81,0
DA:82,0
DA:83,0
DA:86,0
DA:87,0
DA:88,0
DA:90,0
DA:95,0
DA:96,0
DA:97,0
DA:99,0
DA:106,0
DA:109,0
DA:116,0
DA:128,0
DA:159,0
DA:172,0
DA:184,3
LF:38
LH:7
BRDA:55,0,0,0
BRDA:55,0,1,0
BRDA:55,1,0,0
BRDA:55,1,1,0
BRDA:80,2,0,0
BRDA:80,2,1,0
BRDA:82,3,0,0
BRDA:82,3,1,0
BRDA:87,4,0,0
BRDA:87,4,1,0
BRDA:96,5,0,0
BRDA:96,5,1,0
BRF:12
BRH:0
end_of_record
TN:
SF:src/middleware/auth.ts
FN:14,(anonymous_1)
FN:22,(anonymous_2)
FN:35,(anonymous_3)
FNF:3
FNH:3
FNDA:26,(anonymous_1)
FNDA:18,(anonymous_2)
FNDA:1,(anonymous_3)
DA:2,3
DA:5,3
DA:14,3
DA:15,26
DA:16,26
DA:18,26
DA:19,8
DA:22,18
DA:23,18
DA:24,2
DA:27,16
DA:31,16
DA:35,3
DA:36,1
DA:43,3
LF:15
LH:15
BRDA:5,0,0,3
BRDA:5,0,1,0
BRDA:16,1,0,26
BRDA:16,1,1,18
BRDA:18,2,0,8
BRDA:18,2,1,18
BRDA:23,3,0,2
BRDA:23,3,1,16
BRF:8
BRH:7
end_of_record
TN:
SF:src/routes/auth.ts
FN:17,(anonymous_1)
FN:30,(anonymous_2)
FN:45,(anonymous_3)
FN:67,(anonymous_4)
FN:75,(anonymous_5)
FN:109,(anonymous_6)
FN:114,(anonymous_7)
FN:135,(anonymous_8)
FNF:8
FNH:7
FNDA:6,(anonymous_1)
FNDA:5,(anonymous_2)
FNDA:0,(anonymous_3)
FNDA:4,(anonymous_4)
FNDA:3,(anonymous_5)
FNDA:1,(anonymous_6)
FNDA:1,(anonymous_7)
FNDA:2,(anonymous_8)
DA:1,3
DA:2,3
DA:3,3
DA:4,3
DA:6,3
DA:17,3
DA:18,6
DA:20,6
DA:21,1
DA:24,5
DA:25,0
DA:28,5
DA:30,5
DA:31,5
DA:32,0
DA:35,5
DA:36,5
DA:40,0
DA:42,0
DA:46,0
DA:47,0
DA:50,0
DA:51,0
DA:53,0
DA:62,0
DA:67,3
DA:68,4
DA:70,4
DA:71,1
DA:74,3
DA:75,3
DA:76,3
DA:77,0
DA:80,3
DA:81,1
DA:85,2
DA:86,2
DA:87,1
DA:91,1
DA:93,1
DA:104,0
DA:109,3
DA:110,1
DA:111,0
DA:114,1
DA:115,1
DA:116,0
DA:119,1
DA:120,1
DA:123,0
DA:135,3
DA:136,2
DA:139,3
LF:53
LH:38
BRDA:20,0,0,1
BRDA:20,0,1,5
BRDA:20,1,0,6
BRDA:20,1,1,5
BRDA:24,2,0,0
BRDA:24,2,1,5
BRDA:31,3,0,0
BRDA:31,3,1,5
BRDA:35,4,0,5
BRDA:35,4,1,0
BRDA:44,5,0,0
BRDA:44,5,1,0
BRDA:46,6,0,0
BRDA:46,6,1,0
BRDA:70,7,0,1
BRDA:70,7,1,3
BRDA:70,8,0,4
BRDA:70,8,1,3
BRDA:76,9,0,0
BRDA:76,9,1,3
BRDA:80,10,0,1
BRDA:80,10,1,2
BRDA:86,11,0,1
BRDA:86,11,1,1
BRDA:110,12,0,0
BRDA:110,12,1,1
BRDA:115,13,0,0
BRDA:115,13,1,1
BRDA:119,14,0,1
BRDA:119,14,1,0
BRF:30
BRH:19
end_of_record
TN:
SF:src/routes/categories.ts
FN:14,(anonymous_1)
FN:17,(anonymous_2)
FN:25,(anonymous_3)
FN:35,(anonymous_4)
FN:44,(anonymous_5)
FN:53,(anonymous_6)
FN:66,(anonymous_7)
FN:75,(anonymous_8)
FN:84,(anonymous_9)
FN:100,(anonymous_10)
FN:104,(anonymous_11)
FN:113,(anonymous_12)
FN:126,(anonymous_13)
FNF:13
FNH:0
FNDA:0,(anonymous_1)
FNDA:0,(anonymous_2)
FNDA:0,(anonymous_3)
FNDA:0,(anonymous_4)
FNDA:0,(anonymous_5)
FNDA:0,(anonymous_6)
FNDA:0,(anonymous_7)
FNDA:0,(anonymous_8)
FNDA:0,(anonymous_9)
FNDA:0,(anonymous_10)
FNDA:0,(anonymous_11)
FNDA:0,(anonymous_12)
FNDA:0,(anonymous_13)
DA:1,3
DA:2,3
DA:3,3
DA:11,3
DA:14,3
DA:15,0
DA:17,0
DA:18,0
DA:19,0
DA:21,0
DA:22,0
DA:25,0
DA:26,0
DA:27,0
DA:29,0
DA:35,3
DA:36,0
DA:37,0
DA:39,0
DA:40,0
DA:44,0
DA:45,0
DA:46,0
DA:48,0
DA:49,0
DA:52,0
DA:53,0
DA:54,0
DA:55,0
DA:56,0
DA:58,0
DA:60,0
DA:66,3
DA:67,0
DA:68,0
DA:70,0
DA:71,0
DA:75,0
DA:76,0
DA:77,0
DA:79,0
DA:80,0
DA:83,0
DA:84,0
DA:85,0
DA:86,0
DA:87,0
DA:89,0
DA:91,0
DA:92,0
DA:94,0
DA:100,3
DA:101,0
DA:104,0
DA:105,0
DA:106,0
DA:108,0
DA:109,0
DA:113,0
DA:114,0
DA:115,0
DA:118,0
DA:119,0
DA:126,0
DA:127,0
DA:128,0
DA:130,0
DA:131,0
DA:133,0
DA:139,3
LF:70
LH:9
BRDA:18,0,0,0
BRDA:18,0,1,0
BRDA:21,1,0,0
BRDA:21,1,1,0
BRDA:26,2,0,0
BRDA:26,2,1,0
BRDA:39,3,0,0
BRDA:39,3,1,0
BRDA:45,4,0,0
BRDA:45,4,1,0
BRDA:48,5,0,0
BRDA:48,5,1,0
BRDA:54,6,0,0
BRDA:54,6,1,0
BRDA:55,7,0,0
BRDA:55,7,1,0
BRDA:70,8,0,0
BRDA:70,8,1,0
BRDA:76,9,0,0
BRDA:76,9,1,0
BRDA:79,10,0,0
BRDA:79,10,1,0
BRDA:85,11,0,0
BRDA:85,11,1,0
BRDA:86,12,0,0
BRDA:86,12,1,0
BRDA:91,13,0,0
BRDA:91,13,1,0
BRDA:105,14,0,0
BRDA:105,14,1,0
BRDA:108,15,0,0
BRDA:108,15,1,0
BRDA:114,16,0,0
BRDA:114,16,1,0
BRDA:118,17,0,0
BRDA:118,17,1,0
BRDA:127,18,0,0
BRDA:127,18,1,0
BRDA:130,19,0,0
BRDA:130,19,1,0
BRF:40
BRH:0
end_of_record
TN:
SF:src/routes/locations.ts
FN:15,(anonymous_1)
FN:16,(anonymous_2)
FN:25,(anonymous_3)
FN:45,(anonymous_4)
FN:51,(anonymous_5)
FN:75,(anonymous_6)
FN:77,(anonymous_7)
FN:89,(anonymous_8)
FN:108,(anonymous_9)
FN:120,(anonymous_10)
FN:137,(anonymous_11)
FN:149,(anonymous_12)
FN:153,(anonymous_13)
FN:166,(anonymous_14)
FN:179,(anonymous_15)
FN:181,(anonymous_16)
FN:191,(anonymous_17)
FN:212,(anonymous_18)
FN:217,(anonymous_19)
FNF:19
FNH:16
FNDA:1,(anonymous_1)
FNDA:1,(anonymous_2)
FNDA:1,(anonymous_3)
FNDA:1,(anonymous_4)
FNDA:0,(anonymous_5)
FNDA:2,(anonymous_6)
FNDA:2,(anonymous_7)
FNDA:4,(anonymous_8)
FNDA:3,(anonymous_9)
FNDA:3,(anonymous_10)
FNDA:3,(anonymous_11)
FNDA:2,(anonymous_12)
FNDA:2,(anonymous_13)
FNDA:2,(anonymous_14)
FNDA:0,(anonymous_15)
FNDA:0,(anonymous_16)
FNDA:2,(anonymous_17)
FNDA:2,(anonymous_18)
FNDA:2,(anonymous_19)
DA:1,3
DA:2,3
DA:3,3
DA:12,3
DA:15,3
DA:16,1
DA:17,1
DA:18,0
DA:20,1
DA:25,3
DA:26,1
DA:45,1
DA:46,1
DA:47,0
DA:51,1
DA:52,0
DA:67,0
DA:70,1
DA:75,3
DA:76,2
DA:77,2
DA:78,2
DA:79,0
DA:81,2
DA:82,2
DA:84,0
DA:89,3
DA:90,4
DA:92,4
DA:93,1
DA:96,3
DA:100,3
DA:108,3
DA:109,3
DA:110,3
DA:111,3
DA:113,0
DA:115,0
DA:120,3
DA:121,3
DA:122,3
DA:124,3
DA:129,3
DA:137,3
DA:138,3
DA:139,0
DA:141,3
DA:142,3
DA:144,0
DA:149,3
DA:150,2
DA:153,2
DA:154,2
DA:155,0
DA:158,2
DA:159,0
DA:166,2
DA:167,2
DA:168,0
DA:170,2
DA:171,2
DA:173,0
DA:179,3
DA:180,0
DA:181,0
DA:182,0
DA:183,0
DA:185,0
DA:191,3
DA:192,2
DA:193,2
DA:202,2
DA:212,2
DA:213,2
DA:214,0
DA:217,2
DA:218,2
DA:219,0
DA:222,2
DA:243,3
LF:80
LH:59
BRDA:17,0,0,0
BRDA:17,0,1,1
BRDA:46,1,0,0
BRDA:46,1,1,1
BRDA:78,2,0,0
BRDA:78,2,1,2
BRDA:81,3,0,2
BRDA:81,3,1,0
BRDA:92,4,0,1
BRDA:92,4,1,3
BRDA:92,5,0,4
BRDA:92,5,1,3
BRDA:103,6,0,3
BRDA:103,6,1,0
BRDA:104,7,0,3
BRDA:104,7,1,0
BRDA:109,8,0,3
BRDA:109,8,1,0
BRDA:110,9,0,3
BRDA:110,9,1,0
BRDA:131,10,0,3
BRDA:131,10,1,1
BRDA:132,11,0,3
BRDA:132,11,1,0
BRDA:138,12,0,0
BRDA:138,12,1,3
BRDA:141,13,0,3
BRDA:141,13,1,0
BRDA:154,14,0,0
BRDA:154,14,1,2
BRDA:158,15,0,0
BRDA:158,15,1,2
BRDA:167,16,0,0
BRDA:167,16,1,2
BRDA:170,17,0,2
BRDA:170,17,1,0
BRDA:182,18,0,0
BRDA:182,18,1,0
BRDA:213,19,0,0
BRDA:213,19,1,2
BRDA:218,20,0,0
BRDA:218,20,1,2
BRF:42
BRH:23
end_of_record
TN:
SF:src/routes/projects.ts
FN:25,projectRoutes
FN:26,(anonymous_2)
FN:53,(anonymous_3)
FN:61,(anonymous_4)
FN:63,(anonymous_5)
FN:74,(anonymous_6)
FN:95,(anonymous_7)
FN:103,(anonymous_8)
FN:127,(anonymous_9)
FN:138,(anonymous_10)
FN:140,(anonymous_11)
FN:151,(anonymous_12)
FN:154,(anonymous_13)
FN:162,(anonymous_14)
FN:171,(anonymous_15)
FN:180,(anonymous_16)
FN:191,(anonymous_17)
FN:200,(anonymous_18)
FN:203,(anonymous_19)
FN:211,(anonymous_20)
FN:220,(anonymous_21)
FN:229,(anonymous_22)
FN:238,(anonymous_23)
FN:248,(anonymous_24)
FN:256,(anonymous_25)
FNF:25
FNH:1
FNDA:26,projectRoutes
FNDA:0,(anonymous_2)
FNDA:0,(anonymous_3)
FNDA:0,(anonymous_4)
FNDA:0,(anonymous_5)
FNDA:0,(anonymous_6)
FNDA:0,(anonymous_7)
FNDA:0,(anonymous_8)
FNDA:0,(anonymous_9)
FNDA:0,(anonymous_10)
FNDA:0,(anonymous_11)
FNDA:0,(anonymous_12)
FNDA:0,(anonymous_13)
FNDA:0,(anonymous_14)
FNDA:0,(anonymous_15)
FNDA:0,(anonymous_16)
FNDA:0,(anonymous_17)
FNDA:0,(anonymous_18)
FNDA:0,(anonymous_19)
FNDA:0,(anonymous_20)
FNDA:0,(anonymous_21)
FNDA:0,(anonymous_22)
FNDA:0,(anonymous_23)
FNDA:0,(anonymous_24)
FNDA:0,(anonymous_25)
DA:1,3
DA:3,3
DA:6,3
DA:23,3
DA:25,3
DA:26,26
DA:27,0
DA:28,0
DA:29,0
DA:31,0
DA:32,0
DA:33,0
DA:36,0
DA:37,0
DA:38,0
DA:41,0
DA:42,0
DA:43,0
DA:46,0
DA:47,0
DA:48,0
DA:51,0
DA:53,0
DA:54,0
DA:55,0
DA:57,0
DA:61,26
DA:62,0
DA:63,0
DA:64,0
DA:65,0
DA:67,0
DA:68,0
DA:70,0
DA:74,26
DA:75,0
DA:76,0
DA:80,0
DA:95,0
DA:96,0
DA:97,0
DA:99,0
DA:103,26
DA:104,0
DA:105,0
DA:106,0
DA:111,0
DA:127,0
DA:128,0
DA:129,0
DA:131,0
DA:132,0
DA:134,0
DA:138,26
DA:139,0
DA:140,0
DA:141,0
DA:142,0
DA:144,0
DA:145,0
DA:147,0
DA:151,26
DA:152,0
DA:154,0
DA:155,0
DA:156,0
DA:158,0
DA:159,0
DA:162,0
DA:163,0
DA:164,0
DA:166,0
DA:171,26
DA:172,0
DA:173,0
DA:175,0
DA:176,0
DA:180,0
DA:181,0
DA:182,0
DA:184,0
DA:185,0
DA:188,0
DA:189,0
DA:191,0
DA:192,0
DA:193,0
DA:195,0
DA:200,0
DA:201,0
DA:203,0
DA:204,0
DA:205,0
DA:207,0
DA:208,0
DA:211,0
DA:212,0
DA:213,0
DA:215,0
DA:220,0
DA:221,0
DA:222,0
DA:224,0
DA:225,0
DA:229,0
DA:230,0
DA:231,0
DA:233,0
DA:234,0
DA:237,0
DA:238,0
DA:239,0
DA:240,0
DA:242,0
DA:248,0
DA:249,0
DA:251,0
DA:252,0
DA:255,0
DA:256,0
DA:257,0
DA:258,0
DA:260,0
DA:261,0
DA:263,0
DA:267,0
LF:126
LH:12
BRDA:31,0,0,0
BRDA:31,0,1,0
BRDA:36,1,0,0
BRDA:36,1,1,0
BRDA:41,2,0,0
BRDA:41,2,1,0
BRDA:46,3,0,0
BRDA:46,3,1,0
BRDA:54,4,0,0
BRDA:54,4,1,0
BRDA:64,5,0,0
BRDA:64,5,1,0
BRDA:67,6,0,0
BRDA:67,6,1,0
BRDA:82,7,0,0
BRDA:82,7,1,0
BRDA:83,8,0,0
BRDA:83,8,1,0
BRDA:84,9,0,0
BRDA:84,9,1,0
BRDA:85,10,0,0
BRDA:85,10,1,0
BRDA:86,11,0,0
BRDA:86,11,1,0
BRDA:87,12,0,0
BRDA:87,12,1,0
BRDA:88,13,0,0
BRDA:88,13,1,0
BRDA:89,14,0,0
BRDA:89,14,1,0
BRDA:90,15,0,0
BRDA:90,15,1,0
BRDA:91,16,0,0
BRDA:91,16,1,0
BRDA:96,17,0,0
BRDA:96,17,1,0
BRDA:113,18,0,0
BRDA:113,18,1,0
BRDA:114,19,0,0
BRDA:114,19,1,0
BRDA:115,20,0,0
BRDA:115,20,1,0
BRDA:116,21,0,0
BRDA:116,21,1,0
BRDA:117,22,0,0
BRDA:117,22,1,0
BRDA:118,23,0,0
BRDA:118,23,1,0
BRDA:119,24,0,0
BRDA:119,24,1,0
BRDA:120,25,0,0
BRDA:120,25,1,0
BRDA:121,26,0,0
BRDA:121,26,1,0
BRDA:122,27,0,0
BRDA:122,27,1,0
BRDA:128,28,0,0
BRDA:128,28,1,0
BRDA:131,29,0,0
BRDA:131,29,1,0
BRDA:141,30,0,0
BRDA:141,30,1,0
BRDA:144,31,0,0
BRDA:144,31,1,0
BRDA:155,32,0,0
BRDA:155,32,1,0
BRDA:158,33,0,0
BRDA:158,33,1,0
BRDA:163,34,0,0
BRDA:163,34,1,0
BRDA:175,35,0,0
BRDA:175,35,1,0
BRDA:181,36,0,0
BRDA:181,36,1,0
BRDA:184,37,0,0
BRDA:184,37,1,0
BRDA:189,38,0,0
BRDA:189,38,1,0
BRDA:189,39,0,0
BRDA:189,39,1,0
BRDA:192,40,0,0
BRDA:192,40,1,0
BRDA:204,41,0,0
BRDA:204,41,1,0
BRDA:207,42,0,0
BRDA:207,42,1,0
BRDA:212,43,0,0
BRDA:212,43,1,0
BRDA:224,44,0,0
BRDA:224,44,1,0
BRDA:230,45,0,0
BRDA:230,45,1,0
BRDA:233,46,0,0
BRDA:233,46,1,0
BRDA:239,47,0,0
BRDA:239,47,1,0
BRDA:251,48,0,0
BRDA:251,48,1,0
BRDA:257,49,0,0
BRDA:257,49,1,0
BRDA:260,50,0,0
BRDA:260,50,1,0
BRF:102
BRH:0
end_of_record
TN:
SF:src/utils/password.ts
FN:5,(anonymous_1)
FN:9,(anonymous_2)
FNF:2
FNH:1
FNDA:0,(anonymous_1)
FNDA:2,(anonymous_2)
DA:1,3
DA:3,3
DA:5,3
DA:6,0
DA:9,3
DA:10,2
LF:6
LH:5
BRF:0
BRH:0
end_of_record
